Build started 3/4/2014 2:33:31 PM.
     1>Project "C:\Users\Alejandro\Documents\Visual Studio 2010\Projects\DiceLoadedRoll\DiceLoadedRolls\DiceLoadedRolls.vcxproj" on node 2 (build target(s)).
     1>InitializeBuildStatus:
         Creating "Debug\DiceLoadedRolls.unsuccessfulbuild" because "AlwaysCreate" was specified.
       ClCompile:
         All outputs are up-to-date.
         C:\Program Files (x86)\Microsoft Visual Studio 10.0\VC\bin\CL.exe /c /ZI /nologo /W3 /WX- /Od /Oy- /D WIN32 /D _DEBUG /D _CONSOLE /D _UNICODE /D UNICODE /Gm /EHsc /RTC1 /MDd /GS /fp:precise /Zc:wchar_t /Zc:forScope /Yu"StdAfx.h" /Fp"Debug\DiceLoadedRolls.pch" /Fo"Debug\\" /Fd"Debug\vc100.pdb" /Gd /TP /analyze- /errorReport:prompt DieExperiment.cpp DieStats.cpp
         DieStats.cpp
     1>c:\users\alejandro\documents\visual studio 2010\projects\diceloadedroll\diceloadedrolls\diestats.cpp(31): warning C4244: 'return' : conversion from 'int' to 'float', possible loss of data
         DieExperiment.cpp
         Generating Code...
       ManifestResourceCompile:
         All outputs are up-to-date.
       Link:
         C:\Program Files (x86)\Microsoft Visual Studio 10.0\VC\bin\link.exe /ERRORREPORT:PROMPT /OUT:"C:\Users\Alejandro\Documents\Visual Studio 2010\Projects\DiceLoadedRoll\Debug\DiceLoadedRolls.exe" /INCREMENTAL /NOLOGO kernel32.lib user32.lib gdi32.lib winspool.lib comdlg32.lib advapi32.lib shell32.lib ole32.lib oleaut32.lib uuid.lib odbc32.lib odbccp32.lib /MANIFEST /ManifestFile:"Debug\DiceLoadedRolls.exe.intermediate.manifest" /MANIFESTUAC:"level='asInvoker' uiAccess='false'" /DEBUG /PDB:"C:\Users\Alejandro\Documents\Visual Studio 2010\Projects\DiceLoadedRoll\Debug\DiceLoadedRolls.pdb" /SUBSYSTEM:CONSOLE /TLBID:1 /DYNAMICBASE /NXCOMPAT /IMPLIB:"C:\Users\Alejandro\Documents\Visual Studio 2010\Projects\DiceLoadedRoll\Debug\DiceLoadedRolls.lib" /MACHINE:X86 Debug\DiceLoadedRolls.exe.embed.manifest.res
         Debug\Die.obj
         Debug\DieExperiment.obj
         Debug\DieFactory.obj
         Debug\DieLoaded.obj
         Debug\DieStandar.obj
         Debug\DiceLoadedRolls.obj
         Debug\DieStats.obj
         Debug\Rand.obj
         Debug\stdafx.obj
       Manifest:
         C:\Program Files (x86)\Microsoft SDKs\Windows\v7.0A\bin\mt.exe /nologo /verbose /out:"Debug\DiceLoadedRolls.exe.embed.manifest" /manifest Debug\DiceLoadedRolls.exe.intermediate.manifest
         All outputs are up-to-date.
       LinkEmbedManifest:
         All outputs are up-to-date.
         DiceLoadedRolls.vcxproj -> C:\Users\Alejandro\Documents\Visual Studio 2010\Projects\DiceLoadedRoll\Debug\DiceLoadedRolls.exe
       FinalizeBuildStatus:
         Deleting file "Debug\DiceLoadedRolls.unsuccessfulbuild".
         Touching "Debug\DiceLoadedRolls.lastbuildstate".
     1>Done Building Project "C:\Users\Alejandro\Documents\Visual Studio 2010\Projects\DiceLoadedRoll\DiceLoadedRolls\DiceLoadedRolls.vcxproj" (build target(s)).

Build succeeded.

Time Elapsed 00:00:01.64
